<?xml version="1.0" encoding="UTF-8"?>
<testng-results skipped="0" failed="0" ignored="0" total="1" passed="1">
  <reporter-output>
  </reporter-output>
  <suite name="Suite" duration-ms="11149" started-at="2019-11-08T18:15:33Z" finished-at="2019-11-08T18:15:45Z">
    <groups>
    </groups>
    <test name="Test" duration-ms="11149" started-at="2019-11-08T18:15:33Z" finished-at="2019-11-08T18:15:45Z">
      <class name="samsungedge.SamsungEdge.Samsungedge">
        <test-method status="PASS" signature="tearUP()[pri:0, instance:samsungedge.SamsungEdge.Samsungedge@1906517]" name="tearUP" is-config="true" duration-ms="4117" started-at="2019-11-08T18:15:34Z" finished-at="2019-11-08T18:15:38Z">
          <reporter-output>
          </reporter-output>
        </test-method> <!-- tearUP -->
        <test-method status="PASS" signature="testLaunchingBrowser()[pri:0, instance:samsungedge.SamsungEdge.Samsungedge@1906517]" name="testLaunchingBrowser" duration-ms="5792" started-at="2019-11-08T18:15:38Z" finished-at="2019-11-08T18:15:43Z">
          <reporter-output>
          </reporter-output>
        </test-method> <!-- testLaunchingBrowser -->
        <test-method status="PASS" signature="tearDown()[pri:0, instance:samsungedge.SamsungEdge.Samsungedge@1906517]" name="tearDown" is-config="true" duration-ms="1192" started-at="2019-11-08T18:15:43Z" finished-at="2019-11-08T18:15:45Z">
          <reporter-output>
          </reporter-output>
        </test-method> <!-- tearDown -->
      </class> <!-- samsungedge.SamsungEdge.Samsungedge -->
    </test> <!-- Test -->
  </suite> <!-- Suite -->
</testng-results>
